#
# There is insufficient memory for the Java Runtime Environment to continue.
# Native memory allocation (mmap) failed to map 67108864 bytes for Failed to commit area from 0x00000000fc000000 to 0x0000000100000000 of length 67108864.
# Possible reasons:
#   The system is out of physical RAM or swap space
#   The process is running with CompressedOops enabled, and the Java Heap may be blocking the growth of the native heap
# Possible solutions:
#   Reduce memory load on the system
#   Increase physical memory or swap space
#   Check if swap backing store is full
#   Decrease Java heap size (-Xmx/-Xms)
#   Decrease number of Java threads
#   Decrease Java thread stack sizes (-Xss)
#   Set larger code cache with -XX:ReservedCodeCacheSize=
# This output file may be truncated or incomplete.
#
#  Out of Memory Error (./src/hotspot/os/windows/os_windows.cpp:3303), pid=19148, tid=31496
#
# JRE version:  (11.0.8+10) (build )
# Java VM: OpenJDK 64-Bit Server VM (11.0.8+10-b944.6842174, mixed mode, sharing, tiered, compressed oops, g1 gc, windows-amd64)
# No core dump will be written. Minidumps are not enabled by default on client versions of Windows
#

---------------  S U M M A R Y ------------

Command Line: -Xmx64m -Xms64m -Dorg.gradle.appname=gradlew org.gradle.wrapper.GradleWrapperMain app:installDebug -PreactNativeDevServerPort=8084

Host: Intel(R) Core(TM) i5-9300H CPU @ 2.40GHz, 8 cores, 15G,  Windows 10 , 64 bit Build 19041 (10.0.19041.1023)
Time: Mon Jul 19 11:42:18 2021 Ô³íëÿíä³ÿ (ë³òî) elapsed time: 0 seconds (0d 0h 0m 0s)

---------------  T H R E A D  ---------------

Current thread (0x000001c9d4def800):  JavaThread "Unknown thread" [_thread_in_vm, id=31496, stack(0x00000063f3300000,0x00000063f3400000)]

Stack: [0x00000063f3300000,0x00000063f3400000]
Native frames: (J=compiled Java code, j=interpreted, Vv=VM code, C=native code)
V  [jvm.dll+0x5de50a]
V  [jvm.dll+0x7122f5]
V  [jvm.dll+0x71384d]
V  [jvm.dll+0x713f03]
V  [jvm.dll+0x23e728]
V  [jvm.dll+0x5db9a4]
V  [jvm.dll+0x5d0ae5]
V  [jvm.dll+0x2fb20b]
V  [jvm.dll+0x2fb17a]
V  [jvm.dll+0x2fb052]
V  [jvm.dll+0x2fff16]
V  [jvm.dll+0x348743]
V  [jvm.dll+0x348e46]
V  [jvm.dll+0x348843]
V  [jvm.dll+0x2d5d68]
V  [jvm.dll+0x2d6f07]
V  [jvm.dll+0x6f11f7]
V  [jvm.dll+0x6f29ec]
V  [jvm.dll+0x355cb9]
V  [jvm.dll+0x6d4ade]
V  [jvm.dll+0x3bdfe3]
V  [jvm.dll+0x3c0201]
C  [jli.dll+0x5373]
C  [ucrtbase.dll+0x21bb2]
C  [KERNEL32.DLL+0x17034]
C  [ntdll.dll+0x52651]


---------------  P R O C E S S  ---------------

Threads class SMR info:
_java_thread_list=0x000001c9d2bd3150, length=0, elements={
}

Java Threads: ( => current thread )

Other Threads:
  0x000001c9d4e05800 GCTaskThread "GC Thread#0" [stack: 0x00000063f3400000,0x00000063f3500000] [id=6496]
  0x000001c9d4e0c800 ConcurrentGCThread "G1 Main Marker" [stack: 0x00000063f3500000,0x00000063f3600000] [id=19416]
  0x000001c9d4e0f000 ConcurrentGCThread "G1 Conc#0" [stack: 0x00000063f3600000,0x00000063f3700000] [id=29188]

[error occurred during error reporting (printing all threads), id 0xc0000005, EXCEPTION_ACCESS_VIOLATION (0xc0000005) at pc=0x00007ffdf8f96357]

VM state:not at safepoint (not fully initialized)

VM Mutex/Monitor currently owned by a thread:  ([mutex/lock_event])
[0x000001c9d4deb3e0] Heap_lock - owner thread: 0x000001c9d4def800

Heap address: 0x00000000fc000000, size: 64 MB, Compressed Oops mode: Non-zero based: 0x00000000fc000000
Narrow klass base: 0x0000000000000000, Narrow klass shift: 0

GC Heap History (0 events):
No events

Deoptimization events (0 events):
No events

Classes redefined (0 events):
No events

Internal exceptions (0 events):
No events

Events (1 events):
Event: 0.011 Loaded shared library C:\Program Files\Android\Android Studio\jre\bin\zip.dll


Dynamic libraries:
0x00007ff727f50000 - 0x00007ff727f5a000 	C:\Program Files\Android\Android Studio\jre\bin\java.exe
0x00007ffe995d0000 - 0x00007ffe997c5000 	C:\Windows\SYSTEM32\ntdll.dll
0x00007ffe98ad0000 - 0x00007ffe98b8d000 	C:\Windows\System32\KERNEL32.DLL
0x00007ffe96fd0000 - 0x00007ffe97299000 	C:\Windows\System32\KERNELBASE.dll
0x00007ffe972a0000 - 0x00007ffe973a0000 	C:\Windows\System32\ucrtbase.dll
0x00007ffe44270000 - 0x00007ffe44287000 	C:\Program Files\Android\Android Studio\jre\bin\VCRUNTIME140.dll
0x00007ffe43980000 - 0x00007ffe43999000 	C:\Program Files\Android\Android Studio\jre\bin\jli.dll
0x00007ffe98630000 - 0x00007ffe987d0000 	C:\Windows\System32\USER32.dll
0x00007ffe81700000 - 0x00007ffe8199a000 	C:\Windows\WinSxS\amd64_microsoft.windows.common-controls_6595b64144ccf1df_6.0.19041.1110_none_60b5254171f9507e\COMCTL32.dll
0x00007ffe98910000 - 0x00007ffe989ae000 	C:\Windows\System32\msvcrt.dll
0x00007ffe974b0000 - 0x00007ffe974d2000 	C:\Windows\System32\win32u.dll
0x00007ffe97e60000 - 0x00007ffe97e8a000 	C:\Windows\System32\GDI32.dll
0x00007ffe973a0000 - 0x00007ffe974ab000 	C:\Windows\System32\gdi32full.dll
0x00007ffe96f30000 - 0x00007ffe96fcd000 	C:\Windows\System32\msvcp_win.dll
0x00007ffe98aa0000 - 0x00007ffe98ad0000 	C:\Windows\System32\IMM32.DLL
0x00007ffdf9770000 - 0x00007ffdf980d000 	C:\Program Files\Android\Android Studio\jre\bin\msvcp140.dll
0x00007ffdf8cb0000 - 0x00007ffdf976c000 	C:\Program Files\Android\Android Studio\jre\bin\server\jvm.dll
0x00007ffe99340000 - 0x00007ffe993ec000 	C:\Windows\System32\ADVAPI32.dll
0x00007ffe97e90000 - 0x00007ffe97f2b000 	C:\Windows\System32\sechost.dll
0x00007ffe99210000 - 0x00007ffe9933a000 	C:\Windows\System32\RPCRT4.dll
0x00007ffe99580000 - 0x00007ffe99588000 	C:\Windows\System32\PSAPI.DLL
0x00007ffe5e3b0000 - 0x00007ffe5e3b9000 	C:\Windows\SYSTEM32\WSOCK32.dll
0x00007ffe985c0000 - 0x00007ffe9862b000 	C:\Windows\System32\WS2_32.dll
0x00007ffe701d0000 - 0x00007ffe701f7000 	C:\Windows\SYSTEM32\WINMM.dll
0x00007ffe8e850000 - 0x00007ffe8e85a000 	C:\Windows\SYSTEM32\VERSION.dll
0x00007ffe955c0000 - 0x00007ffe955d2000 	C:\Windows\SYSTEM32\kernel.appcore.dll
0x00007ffe84f30000 - 0x00007ffe84f41000 	C:\Program Files\Android\Android Studio\jre\bin\verify.dll
0x00007ffe949d0000 - 0x00007ffe94bb4000 	C:\Windows\SYSTEM32\DBGHELP.DLL
0x00007ffe66b70000 - 0x00007ffe66b9c000 	C:\Windows\SYSTEM32\dbgcore.DLL
0x00007ffe96ea0000 - 0x00007ffe96f23000 	C:\Windows\System32\bcryptPrimitives.dll
0x00007ffe83d30000 - 0x00007ffe83d59000 	C:\Program Files\Android\Android Studio\jre\bin\java.dll
0x00007ffe5e2b0000 - 0x00007ffe5e2bb000 	C:\Program Files\Android\Android Studio\jre\bin\jimage.dll
0x00007ffe42400000 - 0x00007ffe42418000 	C:\Program Files\Android\Android Studio\jre\bin\zip.dll

dbghelp: loaded successfully - version: 4.0.5 - missing functions: none
symbol engine: initialized successfully - sym options: 0x614 - pdb path: .;C:\Program Files\Android\Android Studio\jre\bin;C:\Windows\SYSTEM32;C:\Windows\WinSxS\amd64_microsoft.windows.common-controls_6595b64144ccf1df_6.0.19041.1110_none_60b5254171f9507e;C:\Program Files\Android\Android Studio\jre\bin\server

VM Arguments:
jvm_args: -Xmx64m -Xms64m -Dorg.gradle.appname=gradlew 
java_command: org.gradle.wrapper.GradleWrapperMain app:installDebug -PreactNativeDevServerPort=8084
java_class_path (initial): C:\games\react_native\android\\gradle\wrapper\gradle-wrapper.jar
Launcher Type: SUN_STANDARD

[Global flags]
     intx CICompilerCount                          = 4                                         {product} {ergonomic}
     uint ConcGCThreads                            = 2                                         {product} {ergonomic}
     uint G1ConcRefinementThreads                  = 8                                         {product} {ergonomic}
   size_t G1HeapRegionSize                         = 1048576                                   {product} {ergonomic}
    uintx GCDrainStackTargetSize                   = 64                                        {product} {ergonomic}
   size_t InitialHeapSize                          = 67108864                                  {product} {command line}
   size_t MarkStackSize                            = 4194304                                   {product} {ergonomic}
   size_t MaxHeapSize                              = 67108864                                  {product} {command line}
   size_t MinHeapDeltaBytes                        = 1048576                                   {product} {ergonomic}
    uintx NonNMethodCodeHeapSize                   = 5836300                                {pd product} {ergonomic}
    uintx NonProfiledCodeHeapSize                  = 122910970                              {pd product} {ergonomic}
    uintx ProfiledCodeHeapSize                     = 122910970                              {pd product} {ergonomic}
    uintx ReservedCodeCacheSize                    = 251658240                              {pd product} {ergonomic}
     bool SegmentedCodeCache                       = true                                      {product} {ergonomic}
     bool UseCompressedClassPointers               = true                                 {lp64_product} {ergonomic}
     bool UseCompressedOops                        = true                                 {lp64_product} {ergonomic}
     bool UseG1GC                                  = true                                      {product} {ergonomic}
     bool UseLargePagesIndividualAllocation        = false                                  {pd product} {ergonomic}

Logging:
Log output configuration:
 #0: stdout all=warning uptime,level,tags
 #1: stderr all=off uptime,level,tags

Environment Variables:
JAVA_HOME=C:\Program Files\Android\Android Studio\jre
CLASSPATH=C:\games\react_native\android\\gradle\wrapper\gradle-wrapper.jar
PATH=C:\games\react_native\android\node_modules\.bin;C:\games\react_native\node_modules\.bin;C:\games\node_modules\.bin;C:\node_modules\.bin;C:\Program Files\nodejs;C:\Program Files (x86)\Common Files\Oracle\Java\javapath;C:\Program Files (x86)\VMware\VMware Player\bin\;C:\Python39\Scripts\;C:\Python39\;C:\Program Files\Microsoft MPI\Bin\;C:\Program Files\Common Files\Oracle\Java\javapath;C:\Program Files (x86)\IntelSWTools\system_studio_2020\OpenCL\sdk\bin\x64;C:\Program Files (x86)\IntelSWTools\system_studio_2020\OpenCL\sdk\bin\x86;C:\Windows\system32;C:\Windows;C:\Windows\System32\Wbem;C:\Windows\System32\WindowsPowerShell\v1.0\;C:\Windows\System32\OpenSSH\;C:\Program Files\Microsoft SQL Server\130\Tools\Binn\;C:\Program Files\Microsoft SQL Server\Client SDK\ODBC\170\Tools\Binn\;C:\Program Files\Git\cmd;C:\Program Files\Microsoft SQL Server\Client SDK\ODBC\130\Tools\Binn\;C:\Program Files (x86)\Microsoft SQL Server\140\Tools\Binn\;C:\Program Files\Microsoft SQL Server\140\Tools\Binn\;C:\Program Files\Microsoft SQL Server\140\DTS\Binn\;C:\Program Files\NVIDIA Corporation\Nsight Compute 2020.2.1\;C:\Program Files (x86)\NVIDIA Corporation\PhysX\Common;C:\Program Files\NVIDIA Corporation\NVIDIA NvDLISR;C:\Program Files (x86)\Microsoft SQL Server\150\DTS\Binn\;C:\Program Files\Azure Data Studio\bin;C:\Program Files\dotnet\;C:\ProgramData\chocolatey\bin;C:\Program Files\Seq\;C:\Program Files\Seq\Client\;C:\Program Files\nodejs\;C:\Users\roman\AppData\Local\Programs\Python\Python38-32\Scripts\;C:\Users\roman\AppData\Local\Programs\Python\Python38-32\;C:\Users\roman\AppData\Local\Microsoft\WindowsApps;C:\Users\roman\AppData\Local\Programs\Microsoft VS Code\bin;C:\Program Files\JetBrains\IntelliJ IDEA Community Edition 2020.2.3\bin;;C:\Users\roman\AppData\Local\GitHubDesktop\bin;C:\Program Files\Azure Data Studio\bin;C:\Users\roman\.dotnet\tools;C:\Users\roman\AppData\Roaming\npm;C:\Users\roman\AppData\Local\Android\Sdk\platform-tools;C:\Program Files\Java\jdk-16.0.1\bin;C:\
USERNAME=roman
LANG=uk_UA.UTF-8
OS=Windows_NT
PROCESSOR_IDENTIFIER=Intel64 Family 6 Model 158 Stepping 13, GenuineIntel



---------------  S Y S T E M  ---------------

OS: Windows 10 , 64 bit Build 19041 (10.0.19041.1023)
OS uptime: 1 days 2:04 hours
HyperV virtualization detected

CPU:total 8 (initial active 8) (4 cores per cpu, 2 threads per core) family 6 model 158 stepping 13, cmov, cx8, fxsr, mmx, sse, sse2, sse3, ssse3, sse4.1, sse4.2, popcnt, avx, avx2, aes, clmul, erms, 3dnowpref, lzcnt, ht, tsc, tscinvbit, bmi1, bmi2, adx, fma

Memory: 4k page, system-wide physical 16221M (18M free)
TotalPageFile size 65373M (AvailPageFile size 28M)
current process WorkingSet (physical memory assigned to process): 9M, peak: 9M
current process commit charge ("private bytes"): 59M, peak: 123M

vm_info: OpenJDK 64-Bit Server VM (11.0.8+10-b944.6842174) for windows-amd64 JRE (11.0.8+10-b944.6842174), built on Sep 19 2020 01:11:42 by "builder" with MS VC++ 14.0 (VS2015)

END.
